<?xml version="1.0" encoding="UTF-8"?>
<testsuite xmlns:xsi="http://www.w3.org/2001/XMLSchema-instance" xsi:noNamespaceSchemaLocation="https://maven.apache.org/surefire/maven-surefire-plugin/xsd/surefire-test-report-3.0.xsd" version="3.0" name="com.calc.CalculatorTest" time="0.027" tests="4" errors="0" skipped="0" failures="0">
  <properties>
[...]
</properties>
  <testcase name="testPower" classname="com.calc.CalculatorTest" time="0.002"/>
  <testcase name="testSqrt" classname="com.calc.CalculatorTest" time="0.0"/>
  <testcase name="testLn" classname="com.calc.CalculatorTest" time="0.0"/>
  <testcase name="testFactorial" classname="com.calc.CalculatorTest" time="0.001"/>
</testsuite>